<!DOCTYPE html PUBLIC "-//W3C//DTD XHTML 1.1//EN" "http://www.w3.org/TR/xhtml11/DTD/xhtml11.dtd">
<html xmlns="http://www.w3.org/1999/xhtml">
<head>
<meta http-equiv="content-type" content="text/html; charset=UTF-8"/>
<title>TestNG Report</title>
<style type="text/css">table {margin-bottom:10px;border-collapse:collapse;empty-cells:show}th,td {border:1px solid #009;padding:.25em .5em}th {vertical-align:bottom}td {vertical-align:top}table a {font-weight:bold}.stripe td {background-color: #E6EBF9}.num {text-align:right}.passedodd td {background-color: #3F3}.passedeven td {background-color: #0A0}.skippedodd td {background-color: #DDD}.skippedeven td {background-color: #CCC}.failedodd td,.attn {background-color: #F33}.failedeven td,.stripe .attn {background-color: #D00}.stacktrace {white-space:pre;font-family:monospace}.totop {font-size:85%;text-align:center;border-bottom:2px solid #000}.invisible {display:none}</style>
</head>
<body>
<table>
<tr><th>Test</th><th># Passed</th><th># Skipped</th><th># Failed</th><th>Time (ms)</th><th>Included Groups</th><th>Excluded Groups</th></tr>
<tr><th colspan="7">All login tests</th></tr>
<tr><td><a href="#t0">positive</a></td><td class="num">0</td><td class="num">0</td><td class="num attn">2</td><td class="num">50 333</td><td></td><td></td></tr>
<tr class="stripe"><td><a href="#t1">negative</a></td><td class="num">0</td><td class="num">0</td><td class="num attn">7</td><td class="num">164 008</td><td></td><td></td></tr>
<tr><th>Total</th><th class="num">0</th><th class="num">0</th><th class="num attn">9</th><th class="num">214 341</th><th colspan="2"></th></tr>
</table>
<table id='summary'><thead><tr><th>Class</th><th>Method</th><th>Start</th><th>Time (ms)</th></tr></thead><tbody><tr><th colspan="4">All login tests</th></tr></tbody><tbody id="t0"><tr><th colspan="4">positive &#8212; failed</th></tr><tr class="failedeven"><td rowspan="2">test.LoginTest3</td><td><a href="#m0">successfullLoginTest</a></td><td rowspan="2">1542051588002</td><td rowspan="2">52</td></tr><tr class="failedeven"><td><a href="#m1">successfullLoginTest</a></td></tr></tbody>
<tbody id="t1"><tr><th colspan="4">negative &#8212; failed</th></tr><tr class="failedeven"><td rowspan="7">test.LoginTest3</td><td><a href="#m2">validationMessagesInvalidEmailPasswordTest</a></td><td rowspan="7">1542051726770</td><td rowspan="7">15</td></tr><tr class="failedeven"><td><a href="#m3">validationMessagesInvalidEmailPasswordTest</a></td></tr><tr class="failedeven"><td><a href="#m4">validationMessagesInvalidEmailPasswordTest</a></td></tr><tr class="failedeven"><td><a href="#m5">validationMessagesInvalidEmailPasswordTest</a></td></tr><tr class="failedeven"><td><a href="#m6">validationMessagesInvalidEmailPasswordTest</a></td></tr><tr class="failedeven"><td><a href="#m7">validationMessagesInvalidEmailPasswordTest</a></td></tr><tr class="failedeven"><td><a href="#m8">validationMessagesInvalidEmailPasswordTest</a></td></tr></tbody>
</table>
<h2>positive</h2><h3 id="m0">test.LoginTest3#successfullLoginTest</h3><table class="result"><tr class="param"><th>Parameter #1</th><th>Parameter #2</th></tr><tr class="param stripe"><td> test199514@gmail.com </td><td>!Test6141026</td></tr><tr><th colspan="2">Exception</th></tr><tr><td colspan="2"><div class="stacktrace">java.lang.AssertionError: Login page is not loaded. expected [true] but found [false]
	at test.LoginTest3.successfullLoginTest(LoginTest3.java:63)
... Removed 32 stack frames</div></td></tr></table><p class="totop"><a href="#summary">back to summary</a></p>
<h3 id="m1">test.LoginTest3#successfullLoginTest</h3><table class="result"><tr class="param"><th>Parameter #1</th><th>Parameter #2</th></tr><tr class="param stripe"><td>test199514@gmail.com</td><td>!Test6141026</td></tr><tr><th colspan="2">Exception</th></tr><tr><td colspan="2"><div class="stacktrace">java.lang.AssertionError: Login page is not loaded. expected [true] but found [false]
	at test.LoginTest3.successfullLoginTest(LoginTest3.java:63)
... Removed 32 stack frames</div></td></tr></table><p class="totop"><a href="#summary">back to summary</a></p>
<h2>negative</h2><h3 id="m2">test.LoginTest3#validationMessagesInvalidEmailPasswordTest</h3><table class="result"><tr class="param"><th>Parameter #1</th><th>Parameter #2</th><th>Parameter #3</th><th>Parameter #4</th></tr><tr class="param stripe"><td>asdwqasdfeasdwqasdfeasdwqasdfeasdwqasdfeasdwqasdfeasdwqasdfeasdwqasdfeasdwqasdfeasdwqasdfeasdwqasdfeasdwqasdfeasdwqasdfeasdwqasdfeasdwqasdfe</td><td>!Test6141026</td><td>РЈРєР°Р¶РёС‚Рµ РґРµР№СЃС‚РІРёС‚РµР»СЊРЅС‹Р№ Р°РґСЂРµСЃ СЌР». РїРѕС‡С‚С‹.</td><td>Р­С‚Рѕ РЅРµРІРµСЂРЅС‹Р№ РїР°СЂРѕР»СЊ. РџРѕРІС‚РѕСЂРёС‚Рµ РїРѕРїС‹С‚РєСѓ РёР»Рё РёР·РјРµРЅРёС‚Рµ РїР°СЂРѕР»СЊ.</td></tr><tr><th colspan="4">Exception</th></tr><tr><td colspan="4"><div class="stacktrace">java.lang.AssertionError: Login page is not loaded. expected [true] but found [false]
	at test.LoginTest3.validationMessagesInvalidEmailPasswordTest(LoginTest3.java:72)
... Removed 32 stack frames</div></td></tr></table><p class="totop"><a href="#summary">back to summary</a></p>
<h3 id="m3">test.LoginTest3#validationMessagesInvalidEmailPasswordTest</h3><table class="result"><tr class="param"><th>Parameter #1</th><th>Parameter #2</th><th>Parameter #3</th><th>Parameter #4</th></tr><tr class="param stripe"><td>test199514@gmail.com</td><td>g3434kd4</td><td>РЈРєР°Р¶РёС‚Рµ РґРµР№СЃС‚РІРёС‚РµР»СЊРЅС‹Р№ Р°РґСЂРµСЃ СЌР». РїРѕС‡С‚С‹.</td><td>Р­С‚Рѕ РЅРµРІРµСЂРЅС‹Р№ РїР°СЂРѕР»СЊ. РџРѕРІС‚РѕСЂРёС‚Рµ РїРѕРїС‹С‚РєСѓ РёР»Рё РёР·РјРµРЅРёС‚Рµ РїР°СЂРѕР»СЊ.</td></tr><tr><th colspan="4">Exception</th></tr><tr><td colspan="4"><div class="stacktrace">java.lang.AssertionError: Login page is not loaded. expected [true] but found [false]
	at test.LoginTest3.validationMessagesInvalidEmailPasswordTest(LoginTest3.java:72)
... Removed 32 stack frames</div></td></tr></table><p class="totop"><a href="#summary">back to summary</a></p>
<h3 id="m4">test.LoginTest3#validationMessagesInvalidEmailPasswordTest</h3><table class="result"><tr class="param"><th>Parameter #1</th><th>Parameter #2</th><th>Parameter #3</th><th>Parameter #4</th></tr><tr class="param stripe"><td>ladfhlalf</td><td>!Test6141026</td><td>РЈРєР°Р¶РёС‚Рµ РґРµР№СЃС‚РІРёС‚РµР»СЊРЅС‹Р№ Р°РґСЂРµСЃ СЌР». РїРѕС‡С‚С‹.</td><td>Р­С‚Рѕ РЅРµРІРµСЂРЅС‹Р№ РїР°СЂРѕР»СЊ. РџРѕРІС‚РѕСЂРёС‚Рµ РїРѕРїС‹С‚РєСѓ РёР»Рё РёР·РјРµРЅРёС‚Рµ РїР°СЂРѕР»СЊ.</td></tr><tr><th colspan="4">Exception</th></tr><tr><td colspan="4"><div class="stacktrace">java.lang.AssertionError: Login page is not loaded. expected [true] but found [false]
	at test.LoginTest3.validationMessagesInvalidEmailPasswordTest(LoginTest3.java:72)
... Removed 32 stack frames</div></td></tr></table><p class="totop"><a href="#summary">back to summary</a></p>
<h3 id="m5">test.LoginTest3#validationMessagesInvalidEmailPasswordTest</h3><table class="result"><tr class="param"><th>Parameter #1</th><th>Parameter #2</th><th>Parameter #3</th><th>Parameter #4</th></tr><tr class="param stripe"><td>ghtyhgvbnhghtyhgvbnhghtyhgvbnhghtyhgvbnhghtyhgvbnhghtyhgvbnhghtyhgvbnhghtyhgvbnhghtyhgvbnhghtyhgvbnhghtyhgvb</td><td>!Test6141026</td><td>РЈРєР°Р¶РёС‚Рµ РґРµР№СЃС‚РІРёС‚РµР»СЊРЅС‹Р№ Р°РґСЂРµСЃ СЌР». РїРѕС‡С‚С‹.</td><td>Р­С‚Рѕ РЅРµРІРµСЂРЅС‹Р№ РїР°СЂРѕР»СЊ. РџРѕРІС‚РѕСЂРёС‚Рµ РїРѕРїС‹С‚РєСѓ РёР»Рё РёР·РјРµРЅРёС‚Рµ РїР°СЂРѕР»СЊ.</td></tr><tr><th colspan="4">Exception</th></tr><tr><td colspan="4"><div class="stacktrace">java.lang.AssertionError: Login page is not loaded. expected [true] but found [false]
	at test.LoginTest3.validationMessagesInvalidEmailPasswordTest(LoginTest3.java:72)
... Removed 32 stack frames</div></td></tr></table><p class="totop"><a href="#summary">back to summary</a></p>
<h3 id="m6">test.LoginTest3#validationMessagesInvalidEmailPasswordTest</h3><table class="result"><tr class="param"><th>Parameter #1</th><th>Parameter #2</th><th>Parameter #3</th><th>Parameter #4</th></tr><tr class="param stripe"><td>a@g.c</td><td>!Test6141026</td><td>РЈРєР°Р¶РёС‚Рµ РґРµР№СЃС‚РІРёС‚РµР»СЊРЅС‹Р№ Р°РґСЂРµСЃ СЌР». РїРѕС‡С‚С‹.</td><td>Р­С‚Рѕ РЅРµРІРµСЂРЅС‹Р№ РїР°СЂРѕР»СЊ. РџРѕРІС‚РѕСЂРёС‚Рµ РїРѕРїС‹С‚РєСѓ РёР»Рё РёР·РјРµРЅРёС‚Рµ РїР°СЂРѕР»СЊ.</td></tr><tr><th colspan="4">Exception</th></tr><tr><td colspan="4"><div class="stacktrace">java.lang.AssertionError: Login page is not loaded. expected [true] but found [false]
	at test.LoginTest3.validationMessagesInvalidEmailPasswordTest(LoginTest3.java:72)
... Removed 32 stack frames</div></td></tr></table><p class="totop"><a href="#summary">back to summary</a></p>
<h3 id="m7">test.LoginTest3#validationMessagesInvalidEmailPasswordTest</h3><table class="result"><tr class="param"><th>Parameter #1</th><th>Parameter #2</th><th>Parameter #3</th><th>Parameter #4</th></tr><tr class="param stripe"><td>test199514@gmail.com</td><td>ghtyhgvbnhghtyhgvbnhghtyhgvbnhghtyhgvbnhghtyhgvbnhghtyhgvbnhghtyhgvbnhghtyhgvbnhghtyhgvbnhghtyhgvbnhghtyhgvb</td><td>РЈРєР°Р¶РёС‚Рµ РґРµР№СЃС‚РІРёС‚РµР»СЊРЅС‹Р№ Р°РґСЂРµСЃ СЌР». РїРѕС‡С‚С‹.</td><td>Р­С‚Рѕ РЅРµРІРµСЂРЅС‹Р№ РїР°СЂРѕР»СЊ. РџРѕРІС‚РѕСЂРёС‚Рµ РїРѕРїС‹С‚РєСѓ РёР»Рё РёР·РјРµРЅРёС‚Рµ РїР°СЂРѕР»СЊ.</td></tr><tr><th colspan="4">Exception</th></tr><tr><td colspan="4"><div class="stacktrace">java.lang.AssertionError: Login page is not loaded. expected [true] but found [false]
	at test.LoginTest3.validationMessagesInvalidEmailPasswordTest(LoginTest3.java:72)
... Removed 32 stack frames</div></td></tr></table><p class="totop"><a href="#summary">back to summary</a></p>
<h3 id="m8">test.LoginTest3#validationMessagesInvalidEmailPasswordTest</h3><table class="result"><tr class="param"><th>Parameter #1</th><th>Parameter #2</th><th>Parameter #3</th><th>Parameter #4</th></tr><tr class="param stripe"><td>test199514@gmail.com</td><td>asdwqasdfeasdwqasdfeasdwqasdfeasdwqasdfeasdwqasdfeasdwqasdfeasdwqasdfeasdwqasdfeasdwqasdfeasdwqasdfeasdwqasdfeasdwqasdfeasdwqasdfeasdwqasdfe</td><td>РЈРєР°Р¶РёС‚Рµ РґРµР№СЃС‚РІРёС‚РµР»СЊРЅС‹Р№ Р°РґСЂРµСЃ СЌР». РїРѕС‡С‚С‹.</td><td>Р­С‚Рѕ РЅРµРІРµСЂРЅС‹Р№ РїР°СЂРѕР»СЊ. РџРѕРІС‚РѕСЂРёС‚Рµ РїРѕРїС‹С‚РєСѓ РёР»Рё РёР·РјРµРЅРёС‚Рµ РїР°СЂРѕР»СЊ.</td></tr><tr><th colspan="4">Exception</th></tr><tr><td colspan="4"><div class="stacktrace">java.lang.AssertionError: Login page is not loaded. expected [true] but found [false]
	at test.LoginTest3.validationMessagesInvalidEmailPasswordTest(LoginTest3.java:72)
... Removed 32 stack frames</div></td></tr></table><p class="totop"><a href="#summary">back to summary</a></p>
</body>
</html>
