<?xml version="1.0" encoding="UTF-8"?>
<!-- Generated by org.testng.reporters.JUnitXMLReporter -->
<testsuite ignored="2" hostname="DESKTOP-BD3L2TM" failures="7" tests="7" name="negative" time="164.008" errors="0" timestamp="12 нояб. 2018 19:42:38 GMT">
  <testcase classname="test.LoginTest3" name="validationMessagesInvalidEmailPasswordTest" time="0.019">
    <failure type="java.lang.AssertionError" message="Login page is not loaded. expected [true] but found [false]">
      <![CDATA[java.lang.AssertionError: Login page is not loaded. expected [true] but found [false]
at test.LoginTest3.validationMessagesInvalidEmailPasswordTest(LoginTest3.java:72)
... Removed 32 stack frames]]>
    </failure>
  </testcase> <!-- validationMessagesInvalidEmailPasswordTest -->
  <testcase classname="test.LoginTest3" name="validationMessagesInvalidEmailPasswordTest" time="0.019">
    <failure type="java.lang.AssertionError" message="Login page is not loaded. expected [true] but found [false]">
      <![CDATA[java.lang.AssertionError: Login page is not loaded. expected [true] but found [false]
at test.LoginTest3.validationMessagesInvalidEmailPasswordTest(LoginTest3.java:72)
... Removed 32 stack frames]]>
    </failure>
  </testcase> <!-- validationMessagesInvalidEmailPasswordTest -->
  <testcase classname="test.LoginTest3" name="validationMessagesInvalidEmailPasswordTest" time="0.017">
    <failure type="java.lang.AssertionError" message="Login page is not loaded. expected [true] but found [false]">
      <![CDATA[java.lang.AssertionError: Login page is not loaded. expected [true] but found [false]
at test.LoginTest3.validationMessagesInvalidEmailPasswordTest(LoginTest3.java:72)
... Removed 32 stack frames]]>
    </failure>
  </testcase> <!-- validationMessagesInvalidEmailPasswordTest -->
  <testcase classname="test.LoginTest3" name="validationMessagesInvalidEmailPasswordTest" time="0.018">
    <failure type="java.lang.AssertionError" message="Login page is not loaded. expected [true] but found [false]">
      <![CDATA[java.lang.AssertionError: Login page is not loaded. expected [true] but found [false]
at test.LoginTest3.validationMessagesInvalidEmailPasswordTest(LoginTest3.java:72)
... Removed 32 stack frames]]>
    </failure>
  </testcase> <!-- validationMessagesInvalidEmailPasswordTest -->
  <testcase classname="test.LoginTest3" name="validationMessagesInvalidEmailPasswordTest" time="0.015">
    <failure type="java.lang.AssertionError" message="Login page is not loaded. expected [true] but found [false]">
      <![CDATA[java.lang.AssertionError: Login page is not loaded. expected [true] but found [false]
at test.LoginTest3.validationMessagesInvalidEmailPasswordTest(LoginTest3.java:72)
... Removed 32 stack frames]]>
    </failure>
  </testcase> <!-- validationMessagesInvalidEmailPasswordTest -->
  <testcase classname="test.LoginTest3" name="validationMessagesInvalidEmailPasswordTest" time="0.025">
    <failure type="java.lang.AssertionError" message="Login page is not loaded. expected [true] but found [false]">
      <![CDATA[java.lang.AssertionError: Login page is not loaded. expected [true] but found [false]
at test.LoginTest3.validationMessagesInvalidEmailPasswordTest(LoginTest3.java:72)
... Removed 32 stack frames]]>
    </failure>
  </testcase> <!-- validationMessagesInvalidEmailPasswordTest -->
  <testcase classname="test.LoginTest3" name="validationMessagesInvalidEmailPasswordTest" time="0.021">
    <failure type="java.lang.AssertionError" message="Login page is not loaded. expected [true] but found [false]">
      <![CDATA[java.lang.AssertionError: Login page is not loaded. expected [true] but found [false]
at test.LoginTest3.validationMessagesInvalidEmailPasswordTest(LoginTest3.java:72)
... Removed 32 stack frames]]>
    </failure>
  </testcase> <!-- validationMessagesInvalidEmailPasswordTest -->
  <testcase classname="test.LoginTest3" name="negativeLoginTestLoginPage" time="0.0">
    <ignored/>
  </testcase> <!-- negativeLoginTestLoginPage -->
  <testcase classname="test.LoginTest3" name="successfullLoginTest" time="0.0">
    <ignored/>
  </testcase> <!-- successfullLoginTest -->
</testsuite> <!-- negative -->
