<?xml version="1.0" encoding="UTF-8"?>
<!-- Generated by org.testng.reporters.JUnitXMLReporter -->
<testsuite ignored="2" hostname="DESKTOP-BD3L2TM" failures="2" tests="2" name="positive" time="50.333" errors="0" timestamp="12 нояб. 2018 19:39:53 GMT">
  <testcase classname="test.LoginTest3" name="successfullLoginTest" time="0.034">
    <failure type="java.lang.AssertionError" message="Login page is not loaded. expected [true] but found [false]">
      <![CDATA[java.lang.AssertionError: Login page is not loaded. expected [true] but found [false]
at test.LoginTest3.successfullLoginTest(LoginTest3.java:63)
... Removed 32 stack frames]]>
    </failure>
  </testcase> <!-- successfullLoginTest -->
  <testcase classname="test.LoginTest3" name="successfullLoginTest" time="0.052">
    <failure type="java.lang.AssertionError" message="Login page is not loaded. expected [true] but found [false]">
      <![CDATA[java.lang.AssertionError: Login page is not loaded. expected [true] but found [false]
at test.LoginTest3.successfullLoginTest(LoginTest3.java:63)
... Removed 32 stack frames]]>
    </failure>
  </testcase> <!-- successfullLoginTest -->
  <testcase classname="test.LoginTest3" name="negativeLoginTestLoginPage" time="0.0">
    <ignored/>
  </testcase> <!-- negativeLoginTestLoginPage -->
  <testcase classname="test.LoginTest3" name="validationMessagesInvalidEmailPasswordTest" time="0.0">
    <ignored/>
  </testcase> <!-- validationMessagesInvalidEmailPasswordTest -->
</testsuite> <!-- positive -->
